\BOOKMARK [0][-]{section*.1}{\376\377\000A\000b\000s\000t\000r\000a\000c\000t}{}% 1
\BOOKMARK [0][-]{section*.2}{\376\377\000A\000c\000k\000n\000o\000w\000l\000e\000d\000g\000e\000m\000e\000n\000t\000s}{}% 2
\BOOKMARK [0][-]{chapter.7}{\376\377\000I\000n\000t\000r\000o\000d\000u\000c\000t\000i\000o\000n}{}% 3
\BOOKMARK [1][-]{section.8}{\376\377\000B\000a\000c\000k\000g\000r\000o\000u\000n\000d}{chapter.7}% 4
\BOOKMARK [1][-]{section.9}{\376\377\000G\000o\000a\000l\000s}{chapter.7}% 5
\BOOKMARK [1][-]{section.10}{\376\377\000O\000u\000t\000l\000i\000n\000e}{chapter.7}% 6
\BOOKMARK [0][-]{chapter.11}{\376\377\000T\000h\000e\000o\000r\000y}{}% 7
\BOOKMARK [1][-]{section.12}{\376\377\000I\000n\000t\000r\000o\000d\000u\000c\000t\000i\000o\000n}{chapter.11}% 8
\BOOKMARK [1][-]{section.13}{\376\377\000C\000l\000a\000s\000s\000i\000f\000i\000c\000a\000t\000i\000o\000n\000\040\000a\000s\000\040\000a\000\040\000M\000a\000c\000h\000i\000n\000e\000\040\000L\000e\000a\000r\000n\000i\000n\000g\000\040\000T\000a\000s\000k}{chapter.11}% 9
\BOOKMARK [1][-]{section.15}{\376\377\000F\000e\000a\000t\000u\000r\000e\000\040\000E\000x\000t\000r\000a\000c\000t\000i\000o\000n}{chapter.11}% 10
\BOOKMARK [2][-]{subsection.16}{\376\377\000F\000r\000e\000q\000u\000e\000n\000c\000y\000-\000b\000a\000s\000e\000d\000\040\000M\000e\000t\000h\000o\000d\000s}{section.15}% 11
\BOOKMARK [2][-]{subsection.22}{\376\377\000D\000i\000m\000e\000n\000s\000i\000o\000n\000a\000l\000i\000t\000y\000\040\000r\000e\000d\000u\000c\000t\000i\000o\000n}{section.15}% 12
\BOOKMARK [2][-]{subsection.23}{\376\377\000D\000i\000s\000t\000r\000i\000b\000u\000t\000i\000o\000n\000a\000l\000\040\000M\000e\000t\000h\000o\000d}{section.15}% 13
\BOOKMARK [1][-]{section.24}{\376\377\000L\000o\000g\000i\000s\000t\000i\000c\000\040\000R\000e\000g\000r\000e\000s\000s\000i\000o\000n}{chapter.11}% 14
\BOOKMARK [2][-]{subsection.26}{\376\377\000C\000l\000a\000s\000s\000i\000f\000i\000c\000a\000t\000i\000o\000n\000\040\000F\000u\000n\000c\000t\000i\000o\000n\000s}{section.24}% 15
\BOOKMARK [2][-]{subsection.27}{\376\377\000O\000b\000j\000e\000c\000t\000i\000v\000e\000\040\000F\000u\000n\000c\000t\000i\000o\000n\000s}{section.24}% 16
\BOOKMARK [2][-]{subsection.28}{\376\377\000O\000p\000t\000i\000m\000i\000z\000a\000t\000i\000o\000n}{section.24}% 17
\BOOKMARK [1][-]{section.29}{\376\377\000E\000v\000a\000l\000u\000a\000t\000i\000o\000n\000\040\000M\000e\000t\000r\000i\000c\000s}{chapter.11}% 18
\BOOKMARK [2][-]{subsection.30}{\376\377\000C\000o\000n\000f\000u\000s\000i\000o\000n\000\040\000M\000a\000t\000r\000i\000x}{section.29}% 19
\BOOKMARK [2][-]{subsection.36}{\376\377\000P\000r\000e\000c\000i\000s\000i\000o\000n\000,\000\040\000R\000e\000c\000a\000l\000l\000,\000\040\000a\000n\000d\000\040\000F\000-\000S\000c\000o\000r\000e}{section.29}% 20
\BOOKMARK [1][-]{section.37}{\376\377\000C\000o\000n\000c\000l\000u\000s\000i\000o\000n}{chapter.11}% 21
\BOOKMARK [0][-]{chapter.38}{\376\377\000T\000h\000e\000\040\000U\000s\000e\000\040\000o\000f\000\040\000S\000e\000m\000i\000-\000s\000u\000p\000e\000r\000v\000i\000s\000e\000d\000\040\000L\000e\000a\000r\000n\000i\000n\000g\000\040\000i\000n\000\040\000C\000l\000a\000s\000s\000i\000f\000i\000c\000a\000t\000i\000o\000n\000\040\000o\000f\000\040\000E\000n\000g\000l\000i\000s\000h\000\040\000G\000r\000a\000m\000m\000a\000t\000i\000c\000a\000l\000\040\000S\000t\000r\000u\000c\000t\000u\000r\000e\000s}{}% 22
\BOOKMARK [1][-]{section.39}{\376\377\000I\000n\000t\000r\000o\000d\000u\000c\000t\000i\000o\000n}{chapter.38}% 23
\BOOKMARK [1][-]{section.41}{\376\377\000R\000e\000l\000a\000t\000e\000d\000\040\000W\000o\000r\000k\000s}{chapter.38}% 24
\BOOKMARK [1][-]{section.42}{\376\377\000M\000e\000t\000h\000o\000d\000s}{chapter.38}% 25
\BOOKMARK [2][-]{subsection.43}{\376\377\000D\000a\000t\000a\000s\000e\000t\000:\000\040\000E\000n\000g\000l\000i\000s\000h\000\040\000G\000r\000a\000m\000m\000a\000r\000\040\000P\000r\000o\000f\000i\000l\000e}{section.42}% 26
\BOOKMARK [2][-]{subsection.45}{\376\377\000M\000u\000l\000t\000i\000n\000o\000m\000i\000a\000l\000\040\000L\000o\000g\000i\000s\000t\000i\000c\000\040\000R\000e\000g\000r\000e\000s\000s\000i\000o\000n}{section.42}% 27
\BOOKMARK [2][-]{subsection.47}{\376\377\000F\000e\000a\000t\000u\000r\000e\000\040\000D\000e\000s\000i\000g\000n}{section.42}% 28
\BOOKMARK [1][-]{section.48}{\376\377\000E\000x\000p\000e\000r\000i\000m\000e\000n\000t\000a\000l\000\040\000R\000e\000s\000u\000l\000t\000s}{chapter.38}% 29
\BOOKMARK [2][-]{subsection.49}{\376\377\000F\000i\000r\000s\000t\000\040\000P\000h\000a\000s\000e}{section.48}% 30
\BOOKMARK [2][-]{subsection.52}{\376\377\000S\000e\000c\000o\000n\000d\000\040\000P\000h\000a\000s\000e}{section.48}% 31
\BOOKMARK [1][-]{section.54}{\376\377\000C\000o\000n\000c\000l\000u\000s\000i\000o\000n}{chapter.38}% 32
\BOOKMARK [0][-]{chapter.55}{\376\377\000T\000w\000o\000-\000s\000t\000a\000g\000e\000\040\000C\000l\000a\000s\000s\000i\000f\000i\000c\000a\000t\000i\000o\000n\000\040\000M\000e\000t\000h\000o\000d\000\040\000f\000o\000r\000\040\000A\000u\000t\000o\000m\000a\000t\000i\000c\000\040\000R\000e\000a\000d\000i\000n\000g\000\040\000C\000o\000m\000p\000r\000e\000h\000e\000n\000s\000i\000o\000n\000\040}{}% 33
\BOOKMARK [1][-]{section.56}{\376\377\000I\000n\000t\000r\000o\000d\000u\000c\000t\000i\000o\000n}{chapter.55}% 34
\BOOKMARK [1][-]{section.57}{\376\377\000R\000e\000l\000a\000t\000e\000d\000\040\000W\000o\000r\000k}{chapter.55}% 35
\BOOKMARK [1][-]{section.58}{\376\377\000S\000t\000a\000g\000e\000\040\000O\000n\000e\000:\000\040\000S\000e\000l\000e\000c\000t\000i\000n\000g\000\040\000t\000h\000e\000\040\000B\000e\000s\000t\000\040\000C\000a\000n\000d\000i\000d\000a\000t\000e\000\040\000S\000e\000n\000t\000e\000n\000c\000e}{chapter.55}% 36
\BOOKMARK [2][-]{subsection.60}{\376\377\000F\000e\000a\000t\000u\000r\000e\000\040\000E\000x\000t\000r\000a\000c\000t\000i\000o\000n}{section.58}% 37
\BOOKMARK [2][-]{subsection.61}{\376\377\000T\000r\000a\000i\000n\000i\000n\000g\000\040\000a\000n\000d\000\040\000R\000e\000s\000u\000l\000t}{section.58}% 38
\BOOKMARK [1][-]{section.64}{\376\377\000S\000t\000a\000g\000e\000\040\000T\000w\000o\000:\000\040\000P\000r\000e\000d\000i\000c\000t\000i\000n\000g\000\040\000t\000h\000e\000\040\000A\000n\000s\000w\000e\000r\000\040\000S\000p\000a\000n}{chapter.55}% 39
\BOOKMARK [1][-]{section.66}{\376\377\000E\000x\000p\000e\000r\000i\000m\000e\000n\000t\000\040\000a\000n\000d\000\040\000E\000r\000r\000o\000r\000\040\000A\000n\000a\000l\000y\000s\000i\000s}{chapter.55}% 40
\BOOKMARK [1][-]{section.68}{\376\377\000F\000u\000t\000u\000r\000e\000\040\000S\000t\000u\000d\000i\000e\000s\000\040\000a\000n\000d\000\040\000R\000e\000c\000o\000m\000m\000e\000n\000d\000a\000t\000i\000o\000n\000s}{chapter.55}% 41
\BOOKMARK [1][-]{section.69}{\376\377\000C\000o\000n\000c\000l\000u\000s\000i\000o\000n}{chapter.55}% 42
\BOOKMARK [0][-]{chapter.70}{\376\377\000C\000o\000n\000c\000l\000u\000s\000i\000o\000n}{}% 43
\BOOKMARK [1][-]{section.71}{\376\377\000S\000u\000m\000m\000a\000r\000y\000\040\000o\000f\000\040\000C\000o\000n\000t\000r\000i\000b\000u\000t\000i\000o\000n\000s}{chapter.70}% 44
\BOOKMARK [1][-]{section.72}{\376\377\000R\000e\000c\000o\000m\000m\000e\000n\000d\000a\000t\000i\000o\000n\000s\000\040\000a\000n\000d\000\040\000F\000u\000t\000u\000r\000e\000\040\000W\000o\000r\000k}{chapter.70}% 45
\BOOKMARK [0][-]{appendix.73}{\376\377\000A\000u\000x\000i\000l\000i\000a\000r\000y\000\040\000F\000u\000n\000c\000t\000i\000o\000n\000s\000\040\000f\000o\000r\000\040\000C\000o\000d\000e\000s\000\040\000i\000n\000\040\000C\000h\0003\000\046\0004}{}% 46
\BOOKMARK [0][-]{appendix.253}{\376\377\000C\000o\000m\000p\000l\000e\000t\000e\000\040\000C\000o\000d\000e\000\040\000f\000o\000r\000\040\000G\000r\000a\000m\000m\000a\000t\000i\000c\000a\000l\000\040\000D\000e\000t\000e\000c\000t\000i\000o\000n\000\040\000S\000y\000s\000t\000e\000m}{}% 47
\BOOKMARK [0][-]{appendix.395}{\376\377\000C\000o\000m\000p\000l\000e\000t\000e\000\040\000C\000o\000d\000e\000\040\000f\000o\000r\000\040\000A\000u\000t\000o\000m\000a\000t\000i\000c\000\040\000R\000e\000a\000d\000i\000n\000g\000\040\000C\000o\000m\000p\000r\000e\000h\000e\000n\000s\000i\000o\000n}{}% 48
\BOOKMARK [0][-]{appendix*.754}{\376\377\000B\000i\000b\000l\000i\000o\000g\000r\000a\000p\000h\000y}{}% 49
